[2019-01-16 12:06:41.853] [exthost] [info] extension host started
[2019-01-16 12:06:41.864] [exthost] [info] ExtensionService#_doActivateExtension vscode.debug-auto-launch {"startup":true,"activationEvent":"*"}
[2019-01-16 12:06:41.864] [exthost] [info] ExtensionService#loadCommonJSModule /snap/vscode/74/usr/share/code/resources/app/extensions/debug-auto-launch/dist/extension
[2019-01-16 12:06:41.867] [exthost] [info] ExtensionService#_doActivateExtension vscode.emmet {"startup":true,"activationEvent":"*"}
[2019-01-16 12:06:41.867] [exthost] [info] ExtensionService#loadCommonJSModule /snap/vscode/74/usr/share/code/resources/app/extensions/emmet/dist/extension
[2019-01-16 12:06:41.884] [exthost] [info] ExtensionService#_doActivateExtension vscode.git {"startup":true,"activationEvent":"*"}
[2019-01-16 12:06:41.884] [exthost] [info] ExtensionService#loadCommonJSModule /snap/vscode/74/usr/share/code/resources/app/extensions/git/dist/main
[2019-01-16 12:06:41.963] [exthost] [info] ExtensionService#_doActivateExtension vscode.merge-conflict {"startup":true,"activationEvent":"*"}
[2019-01-16 12:06:41.963] [exthost] [info] ExtensionService#loadCommonJSModule /snap/vscode/74/usr/share/code/resources/app/extensions/merge-conflict/dist/extension
[2019-01-16 12:06:41.967] [exthost] [info] eager extensions activated
[2019-01-16 12:07:15.149] [exthost] [info] extension host started
[2019-01-16 12:07:15.160] [exthost] [info] ExtensionService#_doActivateExtension vscode.debug-auto-launch {"startup":true,"activationEvent":"*"}
[2019-01-16 12:07:15.160] [exthost] [info] ExtensionService#loadCommonJSModule /snap/vscode/74/usr/share/code/resources/app/extensions/debug-auto-launch/dist/extension
[2019-01-16 12:07:15.163] [exthost] [info] ExtensionService#_doActivateExtension vscode.emmet {"startup":true,"activationEvent":"*"}
[2019-01-16 12:07:15.163] [exthost] [info] ExtensionService#loadCommonJSModule /snap/vscode/74/usr/share/code/resources/app/extensions/emmet/dist/extension
[2019-01-16 12:07:15.178] [exthost] [info] ExtensionService#_doActivateExtension vscode.git {"startup":true,"activationEvent":"*"}
[2019-01-16 12:07:15.178] [exthost] [info] ExtensionService#loadCommonJSModule /snap/vscode/74/usr/share/code/resources/app/extensions/git/dist/main
[2019-01-16 12:07:15.254] [exthost] [info] ExtensionService#_doActivateExtension vscode.merge-conflict {"startup":true,"activationEvent":"*"}
[2019-01-16 12:07:15.254] [exthost] [info] ExtensionService#loadCommonJSModule /snap/vscode/74/usr/share/code/resources/app/extensions/merge-conflict/dist/extension
[2019-01-16 12:07:15.259] [exthost] [info] eager extensions activated
[2019-01-16 12:07:20.061] [exthost] [info] ExtensionService#_doActivateExtension vscode.typescript-language-features {"startup":false,"activationEvent":"onLanguage:javascript"}
[2019-01-16 12:07:20.061] [exthost] [info] ExtensionService#loadCommonJSModule /snap/vscode/74/usr/share/code/resources/app/extensions/typescript-language-features/dist/extension
[2019-01-16 12:07:33.978] [exthost] [info] ExtensionService#_doActivateExtension vscode.extension-editing {"startup":false,"activationEvent":"onLanguage:markdown"}
[2019-01-16 12:07:33.978] [exthost] [info] ExtensionService#loadCommonJSModule /snap/vscode/74/usr/share/code/resources/app/extensions/extension-editing/dist/extension
[2019-01-16 12:07:34.015] [exthost] [info] ExtensionService#_doActivateExtension vscode.markdown-language-features {"startup":false,"activationEvent":"onLanguage:markdown"}
[2019-01-16 12:07:34.015] [exthost] [info] ExtensionService#loadCommonJSModule /snap/vscode/74/usr/share/code/resources/app/extensions/markdown-language-features/dist/extension
[2019-01-16 12:07:34.391] [exthost] [info] ExtensionService#_doActivateExtension vscode.configuration-editing {"startup":false,"activationEvent":"onLanguage:json"}
[2019-01-16 12:07:34.391] [exthost] [info] ExtensionService#loadCommonJSModule /snap/vscode/74/usr/share/code/resources/app/extensions/configuration-editing/dist/extension
[2019-01-16 12:07:34.403] [exthost] [info] ExtensionService#_doActivateExtension vscode.json-language-features {"startup":false,"activationEvent":"onLanguage:json"}
[2019-01-16 12:07:34.403] [exthost] [info] ExtensionService#loadCommonJSModule /snap/vscode/74/usr/share/code/resources/app/extensions/json-language-features/client/dist/jsonMain
[2019-01-16 12:07:34.450] [exthost] [info] ExtensionService#_doActivateExtension vscode.npm {"startup":false,"activationEvent":"onLanguage:json"}
[2019-01-16 12:07:34.450] [exthost] [info] ExtensionService#loadCommonJSModule /snap/vscode/74/usr/share/code/resources/app/extensions/npm/dist/main
[2019-01-16 12:15:57.033] [exthost] [error] [vscode.typescript-language-features] provider FAILED
[2019-01-16 12:15:57.033] [exthost] [error] TypeError: Cannot read property 'displayParts' of undefined
	at w.resolveCompletionItem (/snap/vscode/74/usr/share/code/resources/app/extensions/typescript-language-features/dist/extension.js:1:99172)
	at <anonymous>
[2019-01-16 12:15:57.188] [exthost] [error] [vscode.typescript-language-features] provider FAILED
[2019-01-16 12:15:57.188] [exthost] [error] TypeError: Cannot read property 'displayParts' of undefined
	at w.resolveCompletionItem (/snap/vscode/74/usr/share/code/resources/app/extensions/typescript-language-features/dist/extension.js:1:99172)
	at <anonymous>
[2019-01-16 12:16:09.083] [exthost] [error] [vscode.typescript-language-features] provider FAILED
[2019-01-16 12:16:09.083] [exthost] [error] TypeError: Cannot read property 'displayParts' of undefined
	at w.resolveCompletionItem (/snap/vscode/74/usr/share/code/resources/app/extensions/typescript-language-features/dist/extension.js:1:99172)
	at <anonymous>
[2019-01-16 12:16:22.861] [exthost] [error] [vscode.typescript-language-features] provider FAILED
[2019-01-16 12:16:22.861] [exthost] [error] TypeError: Cannot read property 'displayParts' of undefined
	at w.resolveCompletionItem (/snap/vscode/74/usr/share/code/resources/app/extensions/typescript-language-features/dist/extension.js:1:99172)
	at <anonymous>
[2019-01-16 12:16:23.035] [exthost] [error] [vscode.typescript-language-features] provider FAILED
[2019-01-16 12:16:23.035] [exthost] [error] TypeError: Cannot read property 'displayParts' of undefined
	at w.resolveCompletionItem (/snap/vscode/74/usr/share/code/resources/app/extensions/typescript-language-features/dist/extension.js:1:99172)
	at <anonymous>
[2019-01-16 12:17:25.216] [exthost] [error] [vscode.typescript-language-features] provider FAILED
[2019-01-16 12:17:25.216] [exthost] [error] {"seq":0,"type":"response","command":"completionInfo","request_seq":738,"success":false,"message":"Error processing request. Debug Failure. Did not expect JsxSelfClosingElement to have an Identifier in its trivia\nError: Debug Failure. Did not expect JsxSelfClosingElement to have an Identifier in its trivia\n    at addSyntheticNodes (/snap/vscode/74/usr/share/code/resources/app/extensions/node_modules/typescript/lib/tsserver.js:116455:30)\n    at createChildren (/snap/vscode/74/usr/share/code/resources/app/extensions/node_modules/typescript/lib/tsserver.js:116444:9)\n    at NodeObject.getChildren (/snap/vscode/74/usr/share/code/resources/app/extensions/node_modules/typescript/lib/tsserver.js:116388:56)\n    at find (/snap/vscode/74/usr/share/code/resources/app/extensions/node_modules/typescript/lib/tsserver.js:93184:30)\n    at find (/snap/vscode/74/usr/share/code/resources/app/extensions/node_modules/typescript/lib/tsserver.js:93204:32)\n    at find (/snap/vscode/74/usr/share/code/resources/app/extensions/node_modules/typescript/lib/tsserver.js:93204:32)\n    at find (/snap/vscode/74/usr/share/code/resources/app/extensions/node_modules/typescript/lib/tsserver.js:93204:32)\n    at find (/snap/vscode/74/usr/share/code/resources/app/extensions/node_modules/typescript/lib/tsserver.js:93204:32)\n    at find (/snap/vscode/74/usr/share/code/resources/app/extensions/node_modules/typescript/lib/tsserver.js:93204:32)\n    at find (/snap/vscode/74/usr/share/code/resources/app/extensions/node_modules/typescript/lib/tsserver.js:93204:32)\n    at find (/snap/vscode/74/usr/share/code/resources/app/extensions/node_modules/typescript/lib/tsserver.js:93204:32)\n    at find (/snap/vscode/74/usr/share/code/resources/app/extensions/node_modules/typescript/lib/tsserver.js:93204:32)\n    at find (/snap/vscode/74/usr/share/code/resources/app/extensions/node_modules/typescript/lib/tsserver.js:93204:32)\n    at find (/snap/vscode/74/usr/share/code/resources/app/extensions/node_modules/typescript/lib/tsserver.js:93204:32)\n    at find (/snap/vscode/74/usr/share/code/resources/app/extensions/node_modules/typescript/lib/tsserver.js:93204:32)\n    at Object.findPrecedingToken (/snap/vscode/74/usr/share/code/resources/app/extensions/node_modules/typescript/lib/tsserver.js:93177:22)\n    at Object.getCompletionsAtPosition (/snap/vscode/74/usr/share/code/resources/app/extensions/node_modules/typescript/lib/tsserver.js:95887:35)\n    at Object.getCompletionsAtPosition (/snap/vscode/74/usr/share/code/resources/app/extensions/node_modules/typescript/lib/tsserver.js:117432:35)\n    at IOSession.Session.getCompletions (/snap/vscode/74/usr/share/code/resources/app/extensions/node_modules/typescript/lib/tsserver.js:125333:64)\n    at Session.handlers.ts.createMapFromTemplate._a.(anonymous function) (/snap/vscode/74/usr/share/code/resources/app/extensions/node_modules/typescript/lib/tsserver.js:124337:61)\n    at /snap/vscode/74/usr/share/code/resources/app/extensions/node_modules/typescript/lib/tsserver.js:125824:88\n    at IOSession.Session.executeWithRequestId (/snap/vscode/74/usr/share/code/resources/app/extensions/node_modules/typescript/lib/tsserver.js:125815:28)\n    at IOSession.Session.executeCommand (/snap/vscode/74/usr/share/code/resources/app/extensions/node_modules/typescript/lib/tsserver.js:125824:33)\n    at IOSession.Session.onMessage (/snap/vscode/74/usr/share/code/resources/app/extensions/node_modules/typescript/lib/tsserver.js:125846:35)\n    at Interface.<anonymous> (/snap/vscode/74/usr/share/code/resources/app/extensions/node_modules/typescript/lib/tsserver.js:127106:27)\n    at emitOne (events.js:116:13)\n    at Interface.emit (events.js:211:7)\n    at Interface._onLine (readline.js:282:10)\n    at Interface._normalWrite (readline.js:424:12)\n    at Socket.ondata (readline.js:141:10)\n    at emitOne (events.js:116:13)\n    at Socket.emit (events.js:211:7)\n    at addChunk (_stream_readable.js:263:12)\n    at readableAddChunk (_stream_readable.js:250:11)\n    at Socket.Readable.push (_stream_readable.js:208:10)\n    at Pipe.onread (net.js:594:20)"}
[2019-01-16 12:17:25.442] [exthost] [error] [vscode.typescript-language-features] provider FAILED
[2019-01-16 12:17:25.443] [exthost] [error] {"seq":0,"type":"response","command":"getApplicableRefactors","request_seq":741,"success":false,"message":"Error processing request. Debug Failure. Did not expect JsxSelfClosingElement to have an Identifier in its trivia\nError: Debug Failure. Did not expect JsxSelfClosingElement to have an Identifier in its trivia\n    at addSyntheticNodes (/snap/vscode/74/usr/share/code/resources/app/extensions/node_modules/typescript/lib/tsserver.js:116455:30)\n    at createChildren (/snap/vscode/74/usr/share/code/resources/app/extensions/node_modules/typescript/lib/tsserver.js:116444:9)\n    at NodeObject.getChildren (/snap/vscode/74/usr/share/code/resources/app/extensions/node_modules/typescript/lib/tsserver.js:116388:56)\n    at getTokenAtPositionWorker (/snap/vscode/74/usr/share/code/resources/app/extensions/node_modules/typescript/lib/tsserver.js:93114:43)\n    at Object.getTokenAtPosition (/snap/vscode/74/usr/share/code/resources/app/extensions/node_modules/typescript/lib/tsserver.js:93106:16)\n    at getInfo (/snap/vscode/74/usr/share/code/resources/app/extensions/node_modules/typescript/lib/tsserver.js:113564:28)\n    at Object.getAvailableActions (/snap/vscode/74/usr/share/code/resources/app/extensions/node_modules/typescript/lib/tsserver.js:113548:28)\n    at /snap/vscode/74/usr/share/code/resources/app/extensions/node_modules/typescript/lib/tsserver.js:108687:128\n    at getIterator (/snap/vscode/74/usr/share/code/resources/app/extensions/node_modules/typescript/lib/tsserver.js:558:23)\n    at Object.flatMapIterator (/snap/vscode/74/usr/share/code/resources/app/extensions/node_modules/typescript/lib/tsserver.js:541:27)\n    at Object.getApplicableRefactors (/snap/vscode/74/usr/share/code/resources/app/extensions/node_modules/typescript/lib/tsserver.js:108686:36)\n    at Object.getApplicableRefactors (/snap/vscode/74/usr/share/code/resources/app/extensions/node_modules/typescript/lib/tsserver.js:117985:32)\n    at IOSession.Session.getApplicableRefactors (/snap/vscode/74/usr/share/code/resources/app/extensions/node_modules/typescript/lib/tsserver.js:125605:53)\n    at Session.handlers.ts.createMapFromTemplate._a.(anonymous function) (/snap/vscode/74/usr/share/code/resources/app/extensions/node_modules/typescript/lib/tsserver.js:124479:61)\n    at /snap/vscode/74/usr/share/code/resources/app/extensions/node_modules/typescript/lib/tsserver.js:125824:88\n    at IOSession.Session.executeWithRequestId (/snap/vscode/74/usr/share/code/resources/app/extensions/node_modules/typescript/lib/tsserver.js:125815:28)\n    at IOSession.Session.executeCommand (/snap/vscode/74/usr/share/code/resources/app/extensions/node_modules/typescript/lib/tsserver.js:125824:33)\n    at IOSession.Session.onMessage (/snap/vscode/74/usr/share/code/resources/app/extensions/node_modules/typescript/lib/tsserver.js:125846:35)\n    at Interface.<anonymous> (/snap/vscode/74/usr/share/code/resources/app/extensions/node_modules/typescript/lib/tsserver.js:127106:27)\n    at emitOne (events.js:116:13)\n    at Interface.emit (events.js:211:7)\n    at Interface._onLine (readline.js:282:10)\n    at Interface._normalWrite (readline.js:424:12)\n    at Socket.ondata (readline.js:141:10)\n    at emitOne (events.js:116:13)\n    at Socket.emit (events.js:211:7)\n    at addChunk (_stream_readable.js:263:12)\n    at readableAddChunk (_stream_readable.js:250:11)\n    at Socket.Readable.push (_stream_readable.js:208:10)\n    at Pipe.onread (net.js:594:20)"}
[2019-01-16 12:17:25.802] [exthost] [error] [vscode.typescript-language-features] provider FAILED
[2019-01-16 12:17:25.802] [exthost] [error] {"seq":0,"type":"response","command":"getApplicableRefactors","request_seq":743,"success":false,"message":"Error processing request. Debug Failure. Did not expect JsxSelfClosingElement to have an Identifier in its trivia\nError: Debug Failure. Did not expect JsxSelfClosingElement to have an Identifier in its trivia\n    at addSyntheticNodes (/snap/vscode/74/usr/share/code/resources/app/extensions/node_modules/typescript/lib/tsserver.js:116455:30)\n    at createChildren (/snap/vscode/74/usr/share/code/resources/app/extensions/node_modules/typescript/lib/tsserver.js:116444:9)\n    at NodeObject.getChildren (/snap/vscode/74/usr/share/code/resources/app/extensions/node_modules/typescript/lib/tsserver.js:116388:56)\n    at getTokenAtPositionWorker (/snap/vscode/74/usr/share/code/resources/app/extensions/node_modules/typescript/lib/tsserver.js:93114:43)\n    at Object.getTokenAtPosition (/snap/vscode/74/usr/share/code/resources/app/extensions/node_modules/typescript/lib/tsserver.js:93106:16)\n    at getInfo (/snap/vscode/74/usr/share/code/resources/app/extensions/node_modules/typescript/lib/tsserver.js:113564:28)\n    at Object.getAvailableActions (/snap/vscode/74/usr/share/code/resources/app/extensions/node_modules/typescript/lib/tsserver.js:113548:28)\n    at /snap/vscode/74/usr/share/code/resources/app/extensions/node_modules/typescript/lib/tsserver.js:108687:128\n    at getIterator (/snap/vscode/74/usr/share/code/resources/app/extensions/node_modules/typescript/lib/tsserver.js:558:23)\n    at Object.flatMapIterator (/snap/vscode/74/usr/share/code/resources/app/extensions/node_modules/typescript/lib/tsserver.js:541:27)\n    at Object.getApplicableRefactors (/snap/vscode/74/usr/share/code/resources/app/extensions/node_modules/typescript/lib/tsserver.js:108686:36)\n    at Object.getApplicableRefactors (/snap/vscode/74/usr/share/code/resources/app/extensions/node_modules/typescript/lib/tsserver.js:117985:32)\n    at IOSession.Session.getApplicableRefactors (/snap/vscode/74/usr/share/code/resources/app/extensions/node_modules/typescript/lib/tsserver.js:125605:53)\n    at Session.handlers.ts.createMapFromTemplate._a.(anonymous function) (/snap/vscode/74/usr/share/code/resources/app/extensions/node_modules/typescript/lib/tsserver.js:124479:61)\n    at /snap/vscode/74/usr/share/code/resources/app/extensions/node_modules/typescript/lib/tsserver.js:125824:88\n    at IOSession.Session.executeWithRequestId (/snap/vscode/74/usr/share/code/resources/app/extensions/node_modules/typescript/lib/tsserver.js:125815:28)\n    at IOSession.Session.executeCommand (/snap/vscode/74/usr/share/code/resources/app/extensions/node_modules/typescript/lib/tsserver.js:125824:33)\n    at IOSession.Session.onMessage (/snap/vscode/74/usr/share/code/resources/app/extensions/node_modules/typescript/lib/tsserver.js:125846:35)\n    at Interface.<anonymous> (/snap/vscode/74/usr/share/code/resources/app/extensions/node_modules/typescript/lib/tsserver.js:127106:27)\n    at emitOne (events.js:116:13)\n    at Interface.emit (events.js:211:7)\n    at Interface._onLine (readline.js:282:10)\n    at Interface._normalWrite (readline.js:424:12)\n    at Socket.ondata (readline.js:141:10)\n    at emitOne (events.js:116:13)\n    at Socket.emit (events.js:211:7)\n    at addChunk (_stream_readable.js:263:12)\n    at readableAddChunk (_stream_readable.js:250:11)\n    at Socket.Readable.push (_stream_readable.js:208:10)\n    at Pipe.onread (net.js:594:20)"}
[2019-01-16 17:54:12.959] [exthost] [error] [vscode.typescript-language-features] provider FAILED
[2019-01-16 17:54:12.959] [exthost] [error] {"seq":0,"type":"response","command":"getCodeFixes","request_seq":832,"success":false,"message":"Error processing request. Cannot read property 'parent' of undefined\nTypeError: Cannot read property 'parent' of undefined\n    at Object.deleteDeclaration (/snap/vscode/74/usr/share/code/resources/app/extensions/node_modules/typescript/lib/tsserver.js:108462:56)\n    at _loop_8 (/snap/vscode/74/usr/share/code/resources/app/extensions/node_modules/typescript/lib/tsserver.js:108081:47)\n    at ChangeTracker.finishDeleteDeclarations (/snap/vscode/74/usr/share/code/resources/app/extensions/node_modules/typescript/lib/tsserver.js:108088:21)\n    at ChangeTracker.getChanges (/snap/vscode/74/usr/share/code/resources/app/extensions/node_modules/typescript/lib/tsserver.js:108108:22)\n    at Function.ChangeTracker.with (/snap/vscode/74/usr/share/code/resources/app/extensions/node_modules/typescript/lib/tsserver.js:107653:32)\n    at Object.getCodeActions (/snap/vscode/74/usr/share/code/resources/app/extensions/node_modules/typescript/lib/tsserver.js:112257:68)\n    at /snap/vscode/74/usr/share/code/resources/app/extensions/node_modules/typescript/lib/tsserver.js:108638:121\n    at Object.flatMap (/snap/vscode/74/usr/share/code/resources/app/extensions/node_modules/typescript/lib/tsserver.js:504:25)\n    at Object.getFixes (/snap/vscode/74/usr/share/code/resources/app/extensions/node_modules/typescript/lib/tsserver.js:108638:23)\n    at /snap/vscode/74/usr/share/code/resources/app/extensions/node_modules/typescript/lib/tsserver.js:117737:35\n    at Object.flatMap (/snap/vscode/74/usr/share/code/resources/app/extensions/node_modules/typescript/lib/tsserver.js:504:25)\n    at Object.getCodeFixesAtPosition (/snap/vscode/74/usr/share/code/resources/app/extensions/node_modules/typescript/lib/tsserver.js:117735:23)\n    at IOSession.Session.getCodeFixes (/snap/vscode/74/usr/share/code/resources/app/extensions/node_modules/typescript/lib/tsserver.js:125655:64)\n    at Session.handlers.ts.createMapFromTemplate._a.(anonymous function) (/snap/vscode/74/usr/share/code/resources/app/extensions/node_modules/typescript/lib/tsserver.js:124461:61)\n    at /snap/vscode/74/usr/share/code/resources/app/extensions/node_modules/typescript/lib/tsserver.js:125824:88\n    at IOSession.Session.executeWithRequestId (/snap/vscode/74/usr/share/code/resources/app/extensions/node_modules/typescript/lib/tsserver.js:125815:28)\n    at IOSession.Session.executeCommand (/snap/vscode/74/usr/share/code/resources/app/extensions/node_modules/typescript/lib/tsserver.js:125824:33)\n    at IOSession.Session.onMessage (/snap/vscode/74/usr/share/code/resources/app/extensions/node_modules/typescript/lib/tsserver.js:125846:35)\n    at Interface.<anonymous> (/snap/vscode/74/usr/share/code/resources/app/extensions/node_modules/typescript/lib/tsserver.js:127106:27)\n    at emitOne (events.js:116:13)\n    at Interface.emit (events.js:211:7)\n    at Interface._onLine (readline.js:282:10)\n    at Interface._normalWrite (readline.js:424:12)\n    at Socket.ondata (readline.js:141:10)\n    at emitOne (events.js:116:13)\n    at Socket.emit (events.js:211:7)\n    at addChunk (_stream_readable.js:263:12)\n    at readableAddChunk (_stream_readable.js:250:11)\n    at Socket.Readable.push (_stream_readable.js:208:10)\n    at Pipe.onread (net.js:594:20)"}
[2019-01-16 17:58:06.412] [exthost] [error] [vscode.typescript-language-features] provider FAILED
[2019-01-16 17:58:06.412] [exthost] [error] TypeError: Cannot read property 'displayParts' of undefined
	at w.resolveCompletionItem (/snap/vscode/74/usr/share/code/resources/app/extensions/typescript-language-features/dist/extension.js:1:99172)
	at <anonymous>
[2019-01-16 17:59:29.670] [exthost] [error] [vscode.typescript-language-features] provider FAILED
[2019-01-16 17:59:29.670] [exthost] [error] {"seq":0,"type":"response","command":"getCodeFixes","request_seq":1571,"success":false,"message":"Error processing request. Cannot read property 'parent' of undefined\nTypeError: Cannot read property 'parent' of undefined\n    at Object.deleteDeclaration (/snap/vscode/74/usr/share/code/resources/app/extensions/node_modules/typescript/lib/tsserver.js:108462:56)\n    at _loop_8 (/snap/vscode/74/usr/share/code/resources/app/extensions/node_modules/typescript/lib/tsserver.js:108081:47)\n    at ChangeTracker.finishDeleteDeclarations (/snap/vscode/74/usr/share/code/resources/app/extensions/node_modules/typescript/lib/tsserver.js:108088:21)\n    at ChangeTracker.getChanges (/snap/vscode/74/usr/share/code/resources/app/extensions/node_modules/typescript/lib/tsserver.js:108108:22)\n    at Function.ChangeTracker.with (/snap/vscode/74/usr/share/code/resources/app/extensions/node_modules/typescript/lib/tsserver.js:107653:32)\n    at Object.getCodeActions (/snap/vscode/74/usr/share/code/resources/app/extensions/node_modules/typescript/lib/tsserver.js:112257:68)\n    at /snap/vscode/74/usr/share/code/resources/app/extensions/node_modules/typescript/lib/tsserver.js:108638:121\n    at Object.flatMap (/snap/vscode/74/usr/share/code/resources/app/extensions/node_modules/typescript/lib/tsserver.js:504:25)\n    at Object.getFixes (/snap/vscode/74/usr/share/code/resources/app/extensions/node_modules/typescript/lib/tsserver.js:108638:23)\n    at /snap/vscode/74/usr/share/code/resources/app/extensions/node_modules/typescript/lib/tsserver.js:117737:35\n    at Object.flatMap (/snap/vscode/74/usr/share/code/resources/app/extensions/node_modules/typescript/lib/tsserver.js:504:25)\n    at Object.getCodeFixesAtPosition (/snap/vscode/74/usr/share/code/resources/app/extensions/node_modules/typescript/lib/tsserver.js:117735:23)\n    at IOSession.Session.getCodeFixes (/snap/vscode/74/usr/share/code/resources/app/extensions/node_modules/typescript/lib/tsserver.js:125655:64)\n    at Session.handlers.ts.createMapFromTemplate._a.(anonymous function) (/snap/vscode/74/usr/share/code/resources/app/extensions/node_modules/typescript/lib/tsserver.js:124461:61)\n    at /snap/vscode/74/usr/share/code/resources/app/extensions/node_modules/typescript/lib/tsserver.js:125824:88\n    at IOSession.Session.executeWithRequestId (/snap/vscode/74/usr/share/code/resources/app/extensions/node_modules/typescript/lib/tsserver.js:125815:28)\n    at IOSession.Session.executeCommand (/snap/vscode/74/usr/share/code/resources/app/extensions/node_modules/typescript/lib/tsserver.js:125824:33)\n    at IOSession.Session.onMessage (/snap/vscode/74/usr/share/code/resources/app/extensions/node_modules/typescript/lib/tsserver.js:125846:35)\n    at Interface.<anonymous> (/snap/vscode/74/usr/share/code/resources/app/extensions/node_modules/typescript/lib/tsserver.js:127106:27)\n    at emitOne (events.js:116:13)\n    at Interface.emit (events.js:211:7)\n    at Interface._onLine (readline.js:282:10)\n    at Interface._normalWrite (readline.js:424:12)\n    at Socket.ondata (readline.js:141:10)\n    at emitOne (events.js:116:13)\n    at Socket.emit (events.js:211:7)\n    at addChunk (_stream_readable.js:263:12)\n    at readableAddChunk (_stream_readable.js:250:11)\n    at Socket.Readable.push (_stream_readable.js:208:10)\n    at Pipe.onread (net.js:594:20)"}
[2019-01-16 18:05:12.696] [exthost] [error] [vscode.typescript-language-features] provider FAILED
[2019-01-16 18:05:12.696] [exthost] [error] TypeError: Cannot read property 'displayParts' of undefined
	at w.resolveCompletionItem (/snap/vscode/74/usr/share/code/resources/app/extensions/typescript-language-features/dist/extension.js:1:99172)
	at <anonymous>
[2019-01-16 18:05:18.685] [exthost] [error] [vscode.typescript-language-features] provider FAILED
[2019-01-16 18:05:18.686] [exthost] [error] TypeError: Cannot read property 'displayParts' of undefined
	at w.resolveCompletionItem (/snap/vscode/74/usr/share/code/resources/app/extensions/typescript-language-features/dist/extension.js:1:99172)
	at <anonymous>
[2019-01-16 18:05:45.178] [exthost] [error] [vscode.typescript-language-features] provider FAILED
[2019-01-16 18:05:45.178] [exthost] [error] TypeError: Cannot read property 'displayParts' of undefined
	at w.resolveCompletionItem (/snap/vscode/74/usr/share/code/resources/app/extensions/typescript-language-features/dist/extension.js:1:99172)
	at <anonymous>
[2019-01-16 18:21:13.220] [exthost] [error] [vscode.typescript-language-features] provider FAILED
[2019-01-16 18:21:13.220] [exthost] [error] TypeError: Cannot read property 'displayParts' of undefined
	at w.resolveCompletionItem (/snap/vscode/74/usr/share/code/resources/app/extensions/typescript-language-features/dist/extension.js:1:99172)
	at <anonymous>
[2019-01-16 18:29:49.969] [exthost] [error] [vscode.typescript-language-features] provider FAILED
[2019-01-16 18:29:49.969] [exthost] [error] TypeError: Cannot read property 'displayParts' of undefined
	at w.resolveCompletionItem (/snap/vscode/74/usr/share/code/resources/app/extensions/typescript-language-features/dist/extension.js:1:99172)
	at <anonymous>
[2019-01-16 18:29:55.388] [exthost] [error] [vscode.typescript-language-features] provider FAILED
[2019-01-16 18:29:55.388] [exthost] [error] TypeError: Cannot read property 'displayParts' of undefined
	at w.resolveCompletionItem (/snap/vscode/74/usr/share/code/resources/app/extensions/typescript-language-features/dist/extension.js:1:99172)
	at <anonymous>
[2019-01-16 18:29:57.933] [exthost] [error] [vscode.typescript-language-features] provider FAILED
[2019-01-16 18:29:57.933] [exthost] [error] TypeError: Cannot read property 'displayParts' of undefined
	at w.resolveCompletionItem (/snap/vscode/74/usr/share/code/resources/app/extensions/typescript-language-features/dist/extension.js:1:99172)
	at <anonymous>
[2019-01-16 18:30:07.487] [exthost] [error] [vscode.typescript-language-features] provider FAILED
[2019-01-16 18:30:07.487] [exthost] [error] TypeError: Cannot read property 'displayParts' of undefined
	at w.resolveCompletionItem (/snap/vscode/74/usr/share/code/resources/app/extensions/typescript-language-features/dist/extension.js:1:99172)
	at <anonymous>
[2019-01-16 18:31:09.772] [exthost] [error] [vscode.typescript-language-features] provider FAILED
[2019-01-16 18:31:09.772] [exthost] [error] TypeError: Cannot read property 'displayParts' of undefined
	at w.resolveCompletionItem (/snap/vscode/74/usr/share/code/resources/app/extensions/typescript-language-features/dist/extension.js:1:99172)
	at <anonymous>
[2019-01-16 18:31:12.739] [exthost] [error] [vscode.typescript-language-features] provider FAILED
[2019-01-16 18:31:12.740] [exthost] [error] TypeError: Cannot read property 'displayParts' of undefined
	at w.resolveCompletionItem (/snap/vscode/74/usr/share/code/resources/app/extensions/typescript-language-features/dist/extension.js:1:99172)
	at <anonymous>
[2019-01-16 18:31:14.014] [exthost] [error] [vscode.typescript-language-features] provider FAILED
[2019-01-16 18:31:14.014] [exthost] [error] TypeError: Cannot read property 'displayParts' of undefined
	at w.resolveCompletionItem (/snap/vscode/74/usr/share/code/resources/app/extensions/typescript-language-features/dist/extension.js:1:99172)
	at <anonymous>
